<?xml version="1.0" encoding="UTF-8"?><testsuite errors="1" failures="0" name="Proceso cierre de fondos" skipped="0" tests="1" time="0.64" timestamp="2023-08-23 08:50:25"><testcase name="Ingreso a Coeasy y realizo el proceso de cierre de Fondo especifico"><error message="Step [digito las credenciales] is defined with 1 parameters at 'stepdefinitions.InicioSesionStepDefinitions.digitoLasCredenciales(java.util.List&lt;models.usuario&gt;)'.&#10;However, the gherkin step has 0 arguments.&#10;Step text: digito las credenciales" type="io.cucumber.core.exception.CucumberException">Step [digito las credenciales] is defined with 1 parameters at 'stepdefinitions.InicioSesionStepDefinitions.digitoLasCredenciales(java.util.List&lt;models.usuario&gt;)'.
However, the gherkin step has 0 arguments.
Step text: digito las credenciales</error><system-err>Step [digito las credenciales] is defined with 1 parameters at 'stepdefinitions.InicioSesionStepDefinitions.digitoLasCredenciales(java.util.List&lt;models.usuario&gt;)'.
However, the gherkin step has 0 arguments.
Step text: digito las credenciales&#13;
io.cucumber.core.runner.PickleStepDefinitionMatch.arityMismatch(PickleStepDefinitionMatch.java:83)&#13;
io.cucumber.core.runner.PickleStepDefinitionMatch.runStep(PickleStepDefinitionMatch.java:42)&#13;
io.cucumber.core.runner.TestStep.executeStep(TestStep.java:86)&#13;
io.cucumber.core.runner.TestStep.run(TestStep.java:57)&#13;
io.cucumber.core.runner.PickleStepTestStep.run(PickleStepTestStep.java:51)&#13;
io.cucumber.core.runner.TestCase.run(TestCase.java:95)&#13;
io.cucumber.core.runner.Runner.runPickle(Runner.java:75)&#13;
io.cucumber.core.runtime.CucumberExecutionContext.lambda$runTestCase$3(CucumberExecutionContext.java:151)&#13;
io.cucumber.core.runtime.RethrowingThrowableCollector.executeAndThrow(RethrowingThrowableCollector.java:23)&#13;
io.cucumber.core.runtime.CucumberExecutionContext.runTestCase(CucumberExecutionContext.java:151)&#13;
io.cucumber.junit.FeatureRunner.runChild(FeatureRunner.java:144)&#13;
io.cucumber.junit.FeatureRunner.runChild(FeatureRunner.java:28)&#13;
io.cucumber.junit.FeatureRunner.run(FeatureRunner.java:137)&#13;
io.cucumber.junit.CucumberSerenityRunner.runChild(CucumberSerenityRunner.java:259)&#13;
io.cucumber.junit.CucumberSerenityRunner.runChild(CucumberSerenityRunner.java:58)&#13;
worker.org.gradle.process.internal.worker.GradleWorkerMain.run(GradleWorkerMain.java:69)&#13;
worker.org.gradle.process.internal.worker.GradleWorkerMain.main(GradleWorkerMain.java:74)&#13;
</system-err></testcase></testsuite>